<?xml version="1.0" encoding="UTF-8"?>
<!-- Generated by org.testng.reporters.JUnitReportReporter -->
<testsuite hostname="User" failures="0" tests="2" name="WastageCodeMaster.TC" time="41.598" errors="0" timestamp="2023-06-16T13:30:19 IST" skipped="0">
  <testcase classname="WastageCodeMaster.TC" name="tc1" time="28.717"/>
  <testcase classname="WastageCodeMaster.TC" name="Delete" time="12.881"/>
</testsuite> <!-- WastageCodeMaster.TC -->
