<?xml version="1.0" encoding="UTF-8"?>
<!-- Generated by org.testng.reporters.JUnitReportReporter -->
<testsuite hostname="User" failures="0" tests="4" name="AgentMaster.TC" time="132.154" errors="0" timestamp="2023-06-16T14:47:35 IST" skipped="0">
  <testcase classname="AgentMaster.TC" name="tc1" time="34.135"/>
  <testcase classname="AgentMaster.TC" name="Add_New" time="31.188"/>
  <testcase classname="AgentMaster.TC" name="EditFunctions" time="44.648"/>
  <testcase classname="AgentMaster.TC" name="Delete" time="22.183"/>
</testsuite> <!-- AgentMaster.TC -->
